0 info it worked if it ends with ok
1 verbose cli [ 'C:\\Program Files\\nodejs\\node.exe',
1 verbose cli   'C:\\Program Files\\nodejs\\node_modules\\npm\\bin\\npm-cli.js',
1 verbose cli   'install',
1 verbose cli   '--save',
1 verbose cli   'bower' ]
2 info using npm@3.10.10
3 info using node@v6.9.5
4 silly loadCurrentTree Starting
5 silly install loadCurrentTree
6 silly install readLocalPackageData
7 silly fetchPackageMetaData bower
8 silly fetchNamedPackageData bower
9 silly mapToRegistry name bower
10 silly mapToRegistry using default registry
11 silly mapToRegistry registry http://registry.npmjs.org/
12 silly mapToRegistry data Result {
12 silly mapToRegistry   raw: 'bower',
12 silly mapToRegistry   scope: null,
12 silly mapToRegistry   escapedName: 'bower',
12 silly mapToRegistry   name: 'bower',
12 silly mapToRegistry   rawSpec: '',
12 silly mapToRegistry   spec: 'latest',
12 silly mapToRegistry   type: 'tag' }
13 silly mapToRegistry uri http://registry.npmjs.org/bower
14 verbose request uri http://registry.npmjs.org/bower
15 verbose request no auth needed
16 info attempt registry request try #1 at 11:11:55 AM
17 verbose request using bearer token for auth
18 verbose request id 9d426c14f3c359eb
19 http request GET http://registry.npmjs.org/bower
20 http 200 http://registry.npmjs.org/bower
21 verbose headers { 'content-type': 'application/json; charset=UTF-8',
21 verbose headers   server: 'UploadServer',
21 verbose headers   'cache-control': 'max-age=300',
21 verbose headers   'last-modified': 'Wed, 28 Mar 2018 19:05:57 GMT',
21 verbose headers   etag: '"5abbe795-36a1c"',
21 verbose headers   'x-npm-region': 'Asia',
21 verbose headers   'content-encoding': 'gzip',
21 verbose headers   'content-length': '18724',
21 verbose headers   'accept-ranges': 'bytes',
21 verbose headers   date: 'Mon, 14 May 2018 06:11:55 GMT',
21 verbose headers   via: '1.1 varnish',
21 verbose headers   age: '10742',
21 verbose headers   connection: 'keep-alive',
21 verbose headers   'x-served-by': 'cache-sin18027-SIN',
21 verbose headers   'x-cache': 'HIT',
21 verbose headers   'x-cache-hits': '36',
21 verbose headers   'x-timer': 'S1526278316.936284,VS0,VE0',
21 verbose headers   vary: 'Accept-Encoding, Accept' }
22 silly get cb [ 200,
22 silly get   { 'content-type': 'application/json; charset=UTF-8',
22 silly get     server: 'UploadServer',
22 silly get     'cache-control': 'max-age=300',
22 silly get     'last-modified': 'Wed, 28 Mar 2018 19:05:57 GMT',
22 silly get     etag: '"5abbe795-36a1c"',
22 silly get     'x-npm-region': 'Asia',
22 silly get     'content-encoding': 'gzip',
22 silly get     'content-length': '18724',
22 silly get     'accept-ranges': 'bytes',
22 silly get     date: 'Mon, 14 May 2018 06:11:55 GMT',
22 silly get     via: '1.1 varnish',
22 silly get     age: '10742',
22 silly get     connection: 'keep-alive',
22 silly get     'x-served-by': 'cache-sin18027-SIN',
22 silly get     'x-cache': 'HIT',
22 silly get     'x-cache-hits': '36',
22 silly get     'x-timer': 'S1526278316.936284,VS0,VE0',
22 silly get     vary: 'Accept-Encoding, Accept' } ]
23 verbose get saving bower to C:\Users\ahmedm\AppData\Roaming\npm-cache\registry.npmjs.org\bower\.cache.json
24 verbose correctMkdir C:\Users\ahmedm\AppData\Roaming\npm-cache correctMkdir not in flight; initializing
25 silly install normalizeTree
26 silly loadCurrentTree Finishing
27 silly loadIdealTree Starting
28 silly install loadIdealTree
29 silly cloneCurrentTree Starting
30 silly install cloneCurrentTreeToIdealTree
31 silly cloneCurrentTree Finishing
32 silly loadShrinkwrap Starting
33 silly install loadShrinkwrap
34 silly loadShrinkwrap Finishing
35 silly loadAllDepsIntoIdealTree Starting
36 silly install loadAllDepsIntoIdealTree
37 silly resolveWithNewModule bower@1.8.4 checking installable status
38 silly cache add args [ 'bower', null ]
39 verbose cache add spec bower
40 silly cache add parsed spec Result {
40 silly cache add   raw: 'bower',
40 silly cache add   scope: null,
40 silly cache add   escapedName: 'bower',
40 silly cache add   name: 'bower',
40 silly cache add   rawSpec: '',
40 silly cache add   spec: 'latest',
40 silly cache add   type: 'tag' }
41 silly addNamed bower@latest
42 verbose addNamed "latest" is being treated as a dist-tag for bower
43 info addNameTag [ 'bower', 'latest' ]
44 silly mapToRegistry name bower
45 silly mapToRegistry using default registry
46 silly mapToRegistry registry http://registry.npmjs.org/
47 silly mapToRegistry data Result {
47 silly mapToRegistry   raw: 'bower',
47 silly mapToRegistry   scope: null,
47 silly mapToRegistry   escapedName: 'bower',
47 silly mapToRegistry   name: 'bower',
47 silly mapToRegistry   rawSpec: '',
47 silly mapToRegistry   spec: 'latest',
47 silly mapToRegistry   type: 'tag' }
48 silly mapToRegistry uri http://registry.npmjs.org/bower
49 verbose addNameTag registry:http://registry.npmjs.org/bower not in flight; fetching
50 verbose get http://registry.npmjs.org/bower not expired, no request
51 silly addNameTag next cb for bower with tag latest
52 silly addNamed bower@1.8.4
53 verbose addNamed "1.8.4" is a plain semver version for bower
54 silly mapToRegistry name bower
55 silly mapToRegistry using default registry
56 silly mapToRegistry registry http://registry.npmjs.org/
57 silly mapToRegistry data Result {
57 silly mapToRegistry   raw: 'bower',
57 silly mapToRegistry   scope: null,
57 silly mapToRegistry   escapedName: 'bower',
57 silly mapToRegistry   name: 'bower',
57 silly mapToRegistry   rawSpec: '',
57 silly mapToRegistry   spec: 'latest',
57 silly mapToRegistry   type: 'tag' }
58 silly mapToRegistry uri http://registry.npmjs.org/bower
59 verbose addRemoteTarball http://registry.npmjs.org/bower/-/bower-1.8.4.tgz not in flight; adding
60 verbose addRemoteTarball [ 'http://registry.npmjs.org/bower/-/bower-1.8.4.tgz',
60 verbose addRemoteTarball   'e7876a076deb8137f7d06525dc5e8c66db82f28a' ]
61 info retry fetch attempt 1 at 11:11:56 AM
62 info attempt registry request try #1 at 11:11:56 AM
63 http fetch GET http://registry.npmjs.org/bower/-/bower-1.8.4.tgz
64 verbose request using bearer token for auth
65 http fetch 200 http://registry.npmjs.org/bower/-/bower-1.8.4.tgz
66 info retry will retry, error on last attempt: Error: read ECONNRESET
67 silly fetchAndShaCheck shasum e7876a076deb8137f7d06525dc5e8c66db82f28a
68 silly rollbackFailedOptional Starting
69 silly rollbackFailedOptional Finishing
70 silly runTopLevelLifecycles Finishing
71 silly install printInstalled
72 verbose stack Error: shasum check failed for C:\Users\ahmedm\AppData\Local\Temp\npm-4544-b2186bc2\registry.npmjs.org\bower\-\bower-1.8.4.tgz
72 verbose stack Expected: e7876a076deb8137f7d06525dc5e8c66db82f28a
72 verbose stack Actual:   c04277c4b5f5600fd65288ba13f76845bf12046a
72 verbose stack From:     http://registry.npmjs.org/bower/-/bower-1.8.4.tgz
72 verbose stack     at C:\Program Files\nodejs\node_modules\npm\node_modules\sha\index.js:25:8
72 verbose stack     at ReadStream.<anonymous> (C:\Program Files\nodejs\node_modules\npm\node_modules\sha\index.js:72:7)
72 verbose stack     at emitNone (events.js:91:20)
72 verbose stack     at ReadStream.emit (events.js:185:7)
72 verbose stack     at endReadableNT (_stream_readable.js:974:12)
72 verbose stack     at _combinedTickCallback (internal/process/next_tick.js:74:11)
72 verbose stack     at process._tickCallback (internal/process/next_tick.js:98:9)
73 verbose cwd E:\My Work\Demo Project
74 error Windows_NT 10.0.16299
75 error argv "C:\\Program Files\\nodejs\\node.exe" "C:\\Program Files\\nodejs\\node_modules\\npm\\bin\\npm-cli.js" "install" "--save" "bower"
76 error node v6.9.5
77 error npm  v3.10.10
78 error shasum check failed for C:\Users\ahmedm\AppData\Local\Temp\npm-4544-b2186bc2\registry.npmjs.org\bower\-\bower-1.8.4.tgz
78 error Expected: e7876a076deb8137f7d06525dc5e8c66db82f28a
78 error Actual:   c04277c4b5f5600fd65288ba13f76845bf12046a
78 error From:     http://registry.npmjs.org/bower/-/bower-1.8.4.tgz
79 error If you need help, you may report this error at:
79 error     <https://github.com/npm/npm/issues>
80 verbose exit [ 1, true ]
